<?xml version="1.0" encoding="UTF-8"?>
<testng-results ignored="0" total="1" passed="1" failed="0" skipped="0">
  <reporter-output>
  </reporter-output>
  <suite started-at="2023-12-18T00:23:31 EST" name="Default suite" finished-at="2023-12-18T00:23:42 EST" duration-ms="11113">
    <groups>
    </groups>
    <test started-at="2023-12-18T00:23:31 EST" name="Default test" finished-at="2023-12-18T00:23:42 EST" duration-ms="11113">
      <class name="automation_package_demo1.Login">
        <test-method signature="setup()[pri:0, instance:automation_package_demo1.Login@3d51f06e]" started-at="2023-12-18T00:23:31 EST" name="setup" finished-at="2023-12-18T00:23:42 EST" duration-ms="11087" status="PASS">
          <reporter-output>
          </reporter-output>
        </test-method> <!-- setup -->
      </class> <!-- automation_package_demo1.Login -->
    </test> <!-- Default test -->
  </suite> <!-- Default suite -->
</testng-results>
